2024-10-24 17:25:23,364:INFO:Connected to the database.
2024-10-24 17:25:23,366:INFO:User Kenny logged in.
2024-10-24 17:25:24,764:INFO:Connected to the database.
2024-10-24 17:25:29,034:INFO:Connected to the database.
2024-10-24 17:25:39,607:INFO:Connected to the database.
2024-10-24 17:26:05,665:INFO:User Kenny logged out.
2024-10-25 09:35:49,354:INFO:Connected to the database.
2024-10-25 09:35:49,371:INFO:New account created for user Cliff.
2024-10-25 09:35:54,431:INFO:Connected to the database.
2024-10-25 09:35:54,432:INFO:User Kenny logged in.
2024-10-25 09:36:05,256:INFO:Connected to the database.
2024-10-25 09:36:16,384:INFO:Connected to the database.
2024-10-25 09:37:27,055:INFO:Connected to the database.
2024-10-25 09:37:43,440:INFO:Connected to the database.
2024-10-25 09:37:50,378:INFO:Connected to the database.
2024-10-25 09:37:50,388:INFO:Order created for user ID 1: Product ID 14, Quantity 1.
2024-10-25 09:37:56,453:INFO:Connected to the database.
2024-10-25 09:38:02,560:INFO:Connected to the database.
2024-10-25 09:38:24,158:INFO:Order ID 1 marked as complete.
2024-10-25 09:38:31,232:INFO:Connected to the database.
2024-10-25 09:38:41,922:INFO:User ID 2 role changed to admin.
2024-10-25 09:38:59,530:INFO:Connected to the database.
2024-10-25 09:38:59,539:INFO:Added new item: Iron Maiden Pop Figure (Price: 60.0, Quantity: 5).
2024-10-25 09:39:18,005:INFO:Updated item ID 14 to new quantity: 5.
2024-10-25 09:39:19,382:INFO:Connected to the database.
2024-10-25 09:39:29,450:INFO:Connected to the database.
2024-10-25 09:39:44,575:INFO:Connected to the database.
2024-10-25 09:39:45,463:INFO:User ID 2 role changed to user.
2024-10-25 09:39:57,237:INFO:Removed item with ID: 16.
2024-10-25 09:40:02,325:INFO:Connected to the database.
2024-10-25 09:40:11,492:INFO:User Kenny logged out.
2024-10-25 09:40:18,129:INFO:Connected to the database.
2024-10-25 09:40:18,130:INFO:User Cliff logged in.
2024-10-25 09:40:24,578:INFO:Connected to the database.
2024-10-25 09:40:38,114:INFO:Connected to the database.
2024-10-25 09:40:38,124:INFO:Order created for user ID 2: Product ID 7, Quantity 1.
2024-10-25 09:40:40,096:INFO:Connected to the database.
2024-10-25 09:40:45,883:INFO:User Cliff logged out.
2024-10-25 09:40:52,919:INFO:Connected to the database.
2024-10-25 09:40:52,920:INFO:User Kenny logged in.
2024-10-25 09:40:58,100:INFO:Connected to the database.
2024-10-25 09:41:19,503:INFO:Connected to the database.
2024-10-25 09:41:26,205:INFO:Deleted orders for user ID 2.
2024-10-25 09:41:26,214:INFO:User with ID 2 deleted.
2024-10-25 09:41:31,629:INFO:Connected to the database.
2024-10-25 09:41:58,100:INFO:User Kenny logged out.
